# JRE version: OpenJDK Runtime Environment Microsoft-7209853 (17.0.6+10) (build 17.0.6+10-LTS)
# Java VM: OpenJDK 64-Bit Server VM Microsoft-7209853 (17.0.6+10-LTS, mixed mode, sharing, tiered, compressed oops, compressed class ptrs, g1 gc, windows-amd64)
GC Precious Log:
 CPUs: 4 total, 4 available
 Memory: 16267M
 Large Page Support: Disabled
 NUMA Support: Disabled
 Compressed Oops: Enabled (32-bit)
 Heap Region Size: 1M
 Heap Min Capacity: 8M
 Heap Initial Capacity: 256M
 Heap Max Capacity: 1G
 Pre-touch: Disabled
 Parallel Workers: 4
 Concurrent Workers: 1
 Concurrent Refinement Workers: 4
 Periodic GC: Disabled
Heap:
 garbage-first heap   total 583680K, used 186166K [0x00000000c0000000, 0x0000000100000000)
  region size 1024K, 2 young (2048K), 0 survivors (0K)
 Metaspace       used 3299K, committed 3520K, reserved 1056768K
  class space    used 302K, committed 384K, reserved 1048576K
GC Heap History (20 events):
Event: 1.991 GC heap before
{Heap before GC invocations=27 (full 7):
 garbage-first heap   total 191488K, used 131839K [0x00000000c0000000, 0x0000000100000000)
  region size 1024K, 19 young (19456K), 0 survivors (0K)
 Metaspace       used 3231K, committed 3392K, reserved 1056768K
  class space    used 298K, committed 384K, reserved 1048576K
}
Event: 2.077 GC heap after
{Heap after GC invocations=28 (full 8):
 garbage-first heap   total 214016K, used 125594K [0x00000000c0000000, 0x0000000100000000)
  region size 1024K, 0 young (0K), 0 survivors (0K)
 Metaspace       used 3231K, committed 3392K, reserved 1056768K
  class space    used 298K, committed 384K, reserved 1048576K
}
Event: 2.140 GC heap before
{Heap before GC invocations=28 (full 8):
 garbage-first heap   total 214016K, used 145050K [0x00000000c0000000, 0x0000000100000000)
  region size 1024K, 20 young (20480K), 0 survivors (0K)
 Metaspace       used 3231K, committed 3392K, reserved 1056768K
  class space    used 298K, committed 384K, reserved 1048576K
}
Event: 2.242 GC heap after
{Heap after GC invocations=29 (full 9):
 garbage-first heap   total 232448K, used 137673K [0x00000000c0000000, 0x0000000100000000)
  region size 1024K, 0 young (0K), 0 survivors (0K)
 Metaspace       used 3231K, committed 3392K, reserved 1056768K
  class space    used 298K, committed 384K, reserved 1048576K
}
Event: 2.305 GC heap before
{Heap before GC invocations=29 (full 9):
 garbage-first heap   total 232448K, used 157129K [0x00000000c0000000, 0x0000000100000000)
  region size 1024K, 20 young (20480K), 0 survivors (0K)
 Metaspace       used 3231K, committed 3392K, reserved 1056768K
  class space    used 298K, committed 384K, reserved 1048576K
}
Event: 2.401 GC heap after
{Heap after GC invocations=30 (full 10):
 garbage-first heap   total 252928K, used 150054K [0x00000000c0000000, 0x0000000100000000)
  region size 1024K, 0 young (0K), 0 survivors (0K)
 Metaspace       used 3231K, committed 3392K, reserved 1056768K
  class space    used 298K, committed 384K, reserved 1048576K
}
Event: 2.460 GC heap before
{Heap before GC invocations=30 (full 10):
 garbage-first heap   total 252928K, used 168486K [0x00000000c0000000, 0x0000000100000000)
  region size 1024K, 19 young (19456K), 0 survivors (0K)
 Metaspace       used 3231K, committed 3392K, reserved 1056768K
  class space    used 298K, committed 384K, reserved 1048576K
}
Event: 2.580 GC heap after
{Heap after GC invocations=31 (full 11):
 garbage-first heap   total 273408K, used 162267K [0x00000000c0000000, 0x0000000100000000)
  region size 1024K, 0 young (0K), 0 survivors (0K)
 Metaspace       used 3231K, committed 3392K, reserved 1056768K
  class space    used 298K, committed 384K, reserved 1048576K
}
Event: 2.626 GC heap before
{Heap before GC invocations=31 (full 11):
 garbage-first heap   total 273408K, used 167387K [0x00000000c0000000, 0x0000000100000000)
  region size 1024K, 6 young (6144K), 0 survivors (0K)
 Metaspace       used 3231K, committed 3392K, reserved 1056768K
  class space    used 298K, committed 384K, reserved 1048576K
}
Event: 2.632 GC heap after
{Heap after GC invocations=32 (full 11):
 garbage-first heap   total 583680K, used 166159K [0x00000000c0000000, 0x0000000100000000)
  region size 1024K, 4 young (4096K), 4 survivors (4096K)
 Metaspace       used 3231K, committed 3392K, reserved 1056768K
  class space    used 298K, committed 384K, reserved 1048576K
}
Event: 2.709 GC heap before
{Heap before GC invocations=32 (full 11):
 garbage-first heap   total 583680K, used 195855K [0x00000000c0000000, 0x0000000100000000)
  region size 1024K, 20 young (20480K), 4 survivors (4096K)
 Metaspace       used 3231K, committed 3392K, reserved 1056768K
  class space    used 298K, committed 384K, reserved 1048576K
}
Event: 2.848 GC heap after
{Heap after GC invocations=33 (full 12):
 garbage-first heap   total 583680K, used 183228K [0x00000000c0000000, 0x0000000100000000)
  region size 1024K, 0 young (0K), 0 survivors (0K)
 Metaspace       used 3231K, committed 3392K, reserved 1056768K
  class space    used 298K, committed 384K, reserved 1048576K
}
Event: 3.007 GC heap before
{Heap before GC invocations=33 (full 12):
 garbage-first heap   total 583680K, used 197564K [0x00000000c0000000, 0x0000000100000000)
  region size 1024K, 15 young (15360K), 0 survivors (0K)
 Metaspace       used 3257K, committed 3456K, reserved 1056768K
  class space    used 301K, committed 384K, reserved 1048576K
}
Event: 3.176 GC heap after
{Heap after GC invocations=34 (full 13):
 garbage-first heap   total 583680K, used 176328K [0x00000000c0000000, 0x0000000100000000)
  region size 1024K, 0 young (0K), 0 survivors (0K)
 Metaspace       used 3257K, committed 3456K, reserved 1056768K
  class space    used 301K, committed 384K, reserved 1048576K
}
Event: 4.069 GC heap before
{Heap before GC invocations=34 (full 13):
 garbage-first heap   total 583680K, used 254152K [0x00000000c0000000, 0x0000000100000000)
  region size 1024K, 77 young (78848K), 0 survivors (0K)
 Metaspace       used 3293K, committed 3520K, reserved 1056768K
  class space    used 301K, committed 384K, reserved 1048576K
}
Event: 4.218 GC heap after
{Heap after GC invocations=35 (full 14):
 garbage-first heap   total 583680K, used 185142K [0x00000000c0000000, 0x0000000100000000)
  region size 1024K, 0 young (0K), 0 survivors (0K)
 Metaspace       used 3293K, committed 3520K, reserved 1056768K
  class space    used 301K, committed 384K, reserved 1048576K
}
Event: 4.995 GC heap before
{Heap before GC invocations=35 (full 14):
 garbage-first heap   total 583680K, used 185142K [0x00000000c0000000, 0x0000000100000000)
  region size 1024K, 1 young (1024K), 0 survivors (0K)
 Metaspace       used 3294K, committed 3520K, reserved 1056768K
  class space    used 301K, committed 384K, reserved 1048576K
}
Event: 5.127 GC heap after
{Heap after GC invocations=36 (full 15):
 garbage-first heap   total 583680K, used 185142K [0x00000000c0000000, 0x0000000100000000)
  region size 1024K, 0 young (0K), 0 survivors (0K)
 Metaspace       used 3294K, committed 3520K, reserved 1056768K
  class space    used 301K, committed 384K, reserved 1048576K
}
Event: 5.835 GC heap before
{Heap before GC invocations=36 (full 15):
 garbage-first heap   total 583680K, used 185142K [0x00000000c0000000, 0x0000000100000000)
  region size 1024K, 1 young (1024K), 0 survivors (0K)
 Metaspace       used 3294K, committed 3520K, reserved 1056768K
  class space    used 301K, committed 384K, reserved 1048576K
}
Event: 5.992 GC heap after
{Heap after GC invocations=37 (full 16):
 garbage-first heap   total 583680K, used 185142K [0x00000000c0000000, 0x0000000100000000)
  region size 1024K, 0 young (0K), 0 survivors (0K)
 Metaspace       used 3294K, committed 3520K, reserved 1056768K
  class space    used 301K, committed 384K, reserved 1048576K
}

